\BOOKMARK [1][-]{section.1}{\376\377\000I\000l\000\040\000p\000r\000o\000b\000l\000e\000m\000a\000\040\000d\000e\000l\000l\000a\000\040\000g\000e\000n\000e\000r\000a\000z\000i\000o\000n\000e\000\040\000d\000i\000\040\000l\000a\000b\000i\000r\000i\000n\000t\000i}{}% 1
\BOOKMARK [1][-]{section.2}{\376\377\000M\000o\000d\000e\000l\000l\000a\000z\000i\000o\000n\000e\000\040\000f\000o\000r\000m\000a\000l\000e\000\040\000t\000r\000a\000m\000i\000t\000e\000\040\000T\000e\000o\000r\000i\000a\000\040\000d\000e\000i\000\040\000G\000r\000a\000f\000i}{}% 2
\BOOKMARK [1][-]{section.3}{\376\377\000O\000b\000i\000e\000t\000t\000i\000v\000i\000\040\000d\000e\000l\000\040\000p\000r\000o\000g\000e\000t\000t\000o}{}% 3
\BOOKMARK [1][-]{section.4}{\376\377\000A\000l\000g\000o\000r\000i\000t\000m\000i\000\040\000i\000m\000p\000l\000e\000m\000e\000n\000t\000a\000t\000i}{}% 4
\BOOKMARK [2][-]{subsection.4.1}{\376\377\000R\000a\000n\000d\000o\000m\000i\000z\000e\000d\000\040\000D\000e\000p\000t\000h\000-\000F\000i\000r\000s\000t\000\040\000S\000e\000a\000r\000c\000h\000\040\000\050\000R\000e\000c\000u\000r\000s\000i\000v\000e\000\040\000B\000a\000c\000k\000t\000r\000a\000c\000k\000e\000r\000\051}{section.4}% 5
\BOOKMARK [3][-]{subsubsection.4.1.1}{\376\377\000S\000c\000e\000l\000t\000e\000\040\000i\000m\000p\000l\000e\000m\000e\000n\000t\000a\000t\000i\000v\000e\000\040\000e\000\040\000g\000e\000s\000t\000i\000o\000n\000e\000\040\000d\000e\000l\000l\000o\000\040\000S\000t\000a\000c\000k}{subsection.4.1}% 6
\BOOKMARK [3][-]{subsubsection.4.1.2}{\376\377\000A\000n\000a\000l\000i\000s\000i\000\040\000d\000e\000l\000l\000a\000\040\000c\000o\000m\000p\000l\000e\000s\000s\000i\000t\000\340\000\040\000t\000e\000o\000r\000i\000c\000a}{subsection.4.1}% 7
\BOOKMARK [2][-]{subsection.4.2}{\376\377\000A\000l\000g\000o\000r\000i\000t\000m\000o\000\040\000d\000i\000\040\000K\000r\000u\000s\000k\000a\000l\000\040\000R\000a\000n\000d\000o\000m\000i\000z\000z\000a\000t\000o}{section.4}% 8
\BOOKMARK [3][-]{subsubsection.4.2.1}{\376\377\000L\000a\000\040\000s\000t\000r\000u\000t\000t\000u\000r\000a\000\040\000d\000a\000t\000i\000\040\000D\000i\000s\000j\000o\000i\000n\000t\000-\000S\000e\000t\000\040\000\050\000U\000n\000i\000o\000n\000-\000F\000i\000n\000d\000\051}{subsection.4.2}% 9
\BOOKMARK [3][-]{subsubsection.4.2.2}{\376\377\000A\000n\000a\000l\000i\000s\000i\000\040\000d\000e\000l\000l\000a\000\040\000c\000o\000m\000p\000l\000e\000s\000s\000i\000t\000\340\000\040\000t\000e\000o\000r\000i\000c\000a}{subsection.4.2}% 10
\BOOKMARK [2][-]{subsection.4.3}{\376\377\000A\000l\000g\000o\000r\000i\000t\000m\000o\000\040\000d\000i\000\040\000P\000r\000i\000m\000\040\000m\000o\000d\000i\000f\000i\000c\000a\000t\000o}{section.4}% 11
\BOOKMARK [3][-]{subsubsection.4.3.1}{\376\377\000S\000c\000e\000l\000t\000e\000\040\000i\000m\000p\000l\000e\000m\000e\000n\000t\000a\000t\000i\000v\000e\000\040\000s\000u\000l\000l\000a\000\040\000f\000r\000o\000n\000t\000i\000e\000r\000a}{subsection.4.3}% 12
\BOOKMARK [3][-]{subsubsection.4.3.2}{\376\377\000A\000n\000a\000l\000i\000s\000i\000\040\000d\000e\000l\000l\000a\000\040\000c\000o\000m\000p\000l\000e\000s\000s\000i\000t\000\340\000\040\000t\000e\000o\000r\000i\000c\000a}{subsection.4.3}% 13
\BOOKMARK [2][-]{subsection.4.4}{\376\377\000A\000l\000g\000o\000r\000i\000t\000m\000i\000\040\000b\000a\000s\000a\000t\000i\000\040\000s\000u\000\040\000R\000a\000n\000d\000o\000m\000\040\000W\000a\000l\000k}{section.4}% 14
\BOOKMARK [3][-]{subsubsection.4.4.1}{\376\377\000A\000l\000g\000o\000r\000i\000t\000m\000o\000\040\000d\000i\000\040\000A\000l\000d\000o\000u\000s\000-\000B\000r\000o\000d\000e\000r}{subsection.4.4}% 15
\BOOKMARK [3][-]{subsubsection.4.4.2}{\376\377\000A\000n\000a\000l\000i\000s\000i\000\040\000d\000e\000l\000l\000a\000\040\000c\000o\000m\000p\000l\000e\000s\000s\000i\000t\000\340\000\040\000t\000e\000o\000r\000i\000c\000a}{subsection.4.4}% 16
\BOOKMARK [3][-]{subsubsection.4.4.3}{\376\377\000A\000l\000g\000o\000r\000i\000t\000m\000o\000\040\000d\000i\000\040\000W\000i\000l\000s\000o\000n}{subsection.4.4}% 17
\BOOKMARK [3][-]{subsubsection.4.4.4}{\376\377\000A\000n\000a\000l\000i\000s\000i\000\040\000d\000e\000l\000l\000a\000\040\000c\000o\000m\000p\000l\000e\000s\000s\000i\000t\000\340\000\040\000t\000e\000o\000r\000i\000c\000a}{subsection.4.4}% 18
\BOOKMARK [2][-]{subsection.4.5}{\376\377\000A\000l\000g\000o\000r\000i\000t\000m\000i\000\040\000g\000e\000o\000m\000e\000t\000r\000i\000c\000i\000\040\000e\000\040\000a\000\040\000p\000a\000r\000t\000i\000z\000i\000o\000n\000e\000\040\000s\000p\000a\000z\000i\000a\000l\000e}{section.4}% 19
\BOOKMARK [3][-]{subsubsection.4.5.1}{\376\377\000A\000l\000g\000o\000r\000i\000t\000m\000o\000\040\000d\000i\000\040\000D\000i\000v\000i\000s\000i\000o\000n\000e\000\040\000R\000i\000c\000o\000r\000s\000i\000v\000a}{subsection.4.5}% 20
\BOOKMARK [3][-]{subsubsection.4.5.2}{\376\377\000A\000n\000a\000l\000i\000s\000i\000\040\000d\000e\000l\000l\000a\000\040\000c\000o\000m\000p\000l\000e\000s\000s\000i\000t\000\340\000\040\000t\000e\000o\000r\000i\000c\000a}{subsection.4.5}% 21
\BOOKMARK [3][-]{subsubsection.4.5.3}{\376\377\000A\000l\000g\000o\000r\000i\000t\000m\000o\000\040\000d\000i\000\040\000E\000l\000l\000e\000r}{subsection.4.5}% 22
\BOOKMARK [3][-]{subsubsection.4.5.4}{\376\377\000A\000n\000a\000l\000i\000s\000i\000\040\000d\000e\000l\000l\000a\000\040\000c\000o\000m\000p\000l\000e\000s\000s\000i\000t\000\340\000\040\000t\000e\000o\000r\000i\000c\000a}{subsection.4.5}% 23
\BOOKMARK [1][-]{section.5}{\376\377\000E\000s\000p\000e\000r\000i\000m\000e\000n\000t\000i\000\040\000e\000\040\000a\000n\000a\000l\000i\000s\000i\000\040\000d\000a\000t\000i}{}% 24
\BOOKMARK [2][-]{subsection.5.1}{\376\377\000S\000e\000t\000u\000p\000\040\000s\000p\000e\000r\000i\000m\000e\000n\000t\000a\000l\000e}{section.5}% 25
\BOOKMARK [3][-]{subsubsection.5.1.1}{\376\377\000M\000e\000t\000o\000d\000o\000l\000o\000g\000i\000a\000\040\000d\000i\000\040\000p\000r\000o\000f\000i\000l\000a\000z\000i\000o\000n\000e\000\040\000e\000\040\000c\000a\000m\000p\000i\000o\000n\000a\000m\000e\000n\000t\000o}{subsection.5.1}% 26
\BOOKMARK [2][-]{subsection.5.2}{\376\377\000R\000i\000s\000u\000l\000t\000a\000t\000i\000\040\000s\000p\000e\000r\000i\000m\000e\000n\000t\000a\000l\000i\000\040\000g\000l\000o\000b\000a\000l\000i}{section.5}% 27
\BOOKMARK [2][-]{subsection.5.3}{\376\377\000D\000i\000s\000c\000u\000s\000s\000i\000o\000n\000e\000\040\000c\000r\000i\000t\000i\000c\000a\000\040\000d\000e\000i\000\040\000r\000i\000s\000u\000l\000t\000a\000t\000i}{section.5}% 28
\BOOKMARK [3][-]{subsubsection.5.3.1}{\376\377\000I\000l\000\040\000d\000o\000m\000i\000n\000i\000o\000\040\000d\000e\000g\000l\000i\000\040\000a\000p\000p\000r\000o\000c\000c\000i\000\040\000T\000o\000p\000-\000D\000o\000w\000n\000:\000\040\000D\000i\000v\000i\000s\000i\000o\000n\000e\000\040\000R\000i\000c\000o\000r\000s\000i\000v\000a}{subsection.5.3}% 29
\BOOKMARK [3][-]{subsubsection.5.3.2}{\376\377\000L\000'\000e\000f\000f\000i\000c\000i\000e\000n\000z\000a\000\040\000d\000e\000i\000\040\000G\000r\000a\000p\000h\000\040\000T\000r\000a\000v\000e\000r\000s\000a\000l\000\040\000e\000\040\000d\000e\000l\000l\000e\000\040\000s\000t\000r\000u\000t\000t\000u\000r\000e\000\040\000d\000a\000t\000i\000:\000\040\000D\000F\000S\000,\000\040\000P\000r\000i\000m\000,\000\040\000K\000r\000u\000s\000k\000a\000l\000\040\000e\000d\000\040\000E\000l\000l\000e\000r}{subsection.5.3}% 30
\BOOKMARK [3][-]{subsubsection.5.3.3}{\376\377\000A\000n\000a\000l\000i\000s\000i\000\040\000c\000o\000m\000p\000a\000r\000a\000t\000i\000v\000a\000\040\000d\000e\000i\000\040\000p\000a\000r\000a\000d\000i\000g\000m\000i\000\040\000s\000t\000o\000c\000a\000s\000t\000i\000c\000i\000:\000\040\000W\000i\000l\000s\000o\000n\000\040\000e\000\040\000A\000l\000d\000o\000u\000s\000-\000B\000r\000o\000d\000e\000r}{subsection.5.3}% 31
